ocrlib/build/intermediates/manifest_merge_blame_file/debug/manifest-merger-blame-debug-report.txt
1<?xml version="1.0" encoding="utf-8"?>
2<manifest xmlns:android="http://schemas.android.com/apk/res/android"
3    package="com.millertronics.millerapp.millerbcr"
4    android:versionCode="1"
5    android:versionName="1.0" >
6
7    <uses-sdk
8        android:minSdkVersion="15"
8-->src/main/AndroidManifest.xml
9        android:targetSdkVersion="28" />
9-->src/main/AndroidManifest.xml
10
11    <uses-permission android:name="android.permission.CAMERA" />
11-->src/main/AndroidManifest.xml:5:5-65
11-->src/main/AndroidManifest.xml:5:22-62
12
13    <application
13-->src/main/AndroidManifest.xml:7:5-26:19
14        android:allowBackup="true"
14-->src/main/AndroidManifest.xml:8:9-35
15        android:icon="@mipmap/ic_launcher"
15-->src/main/AndroidManifest.xml:9:9-43
16        android:label="@string/app_name"
16-->src/main/AndroidManifest.xml:10:9-41
17        android:supportsRtl="true"
17-->src/main/AndroidManifest.xml:11:9-35
18        android:theme="@style/AppTheme" >
18-->src/main/AndroidManifest.xml:12:9-40
19        <activity android:name="com.millertronics.millerapp.millerbcr.OcrMainActivity" >
19-->src/main/AndroidManifest.xml:13:9-14:20
19-->src/main/AndroidManifest.xml:13:19-50
20        </activity>
21        <activity android:name="com.millertronics.millerapp.millerbcr.CameraReaderActivity" />
21-->src/main/AndroidManifest.xml:15:9-58
21-->src/main/AndroidManifest.xml:15:19-55
22
23        <meta-data
23-->src/main/AndroidManifest.xml:17:9-19:35
24            android:name="com.google.android.gms.vision.DEPENDENCIES"
24-->src/main/AndroidManifest.xml:18:13-70
25            android:value="ocr" />
25-->src/main/AndroidManifest.xml:19:13-32
26
27        <activity
27-->src/main/AndroidManifest.xml:21:9-23:86
28            android:name="com.millertronics.millerapp.millerbcr.ProfileCreatorActivity"
28-->src/main/AndroidManifest.xml:22:13-51
29            android:configChanges="orientation|keyboardHidden|screenSize" />
29-->src/main/AndroidManifest.xml:23:13-74
30        <activity android:name="com.millertronics.millerapp.millerbcr.ProfileListActivity" />
30-->src/main/AndroidManifest.xml:24:9-57
30-->src/main/AndroidManifest.xml:24:19-54
31        <activity android:name="com.millertronics.millerapp.millerbcr.ProfileViewActivity" />
31-->src/main/AndroidManifest.xml:25:9-66
31-->src/main/AndroidManifest.xml:25:19-54
32    </application>
33
34</manifest>